0 info it worked if it ends with ok
1 verbose cli [ '/usr/local/bin/node', '/usr/local/bin/npm', 'publish' ]
2 info using npm@2.15.5
3 info using node@v4.4.5
4 verbose publish [ '.' ]
5 silly cache add args [ '.', null ]
6 verbose cache add spec .
7 silly cache add parsed spec Result {
7 silly cache add   raw: '.',
7 silly cache add   scope: null,
7 silly cache add   name: null,
7 silly cache add   rawSpec: '.',
7 silly cache add   spec: '/Users/Nils/Documents/Repos/project-campus',
7 silly cache add   type: 'directory' }
8 verbose addLocalDirectory /Users/Nils/.npm/project-campus/1.0.0/package.tgz not in flight; packing
9 verbose correctMkdir /Users/Nils/.npm correctMkdir not in flight; initializing
10 verbose tar pack [ '/Users/Nils/.npm/project-campus/1.0.0/package.tgz',
10 verbose tar pack   '/Users/Nils/Documents/Repos/project-campus' ]
11 verbose tarball /Users/Nils/.npm/project-campus/1.0.0/package.tgz
12 verbose folder /Users/Nils/Documents/Repos/project-campus
13 info prepublish project-campus@1.0.0
14 verbose addLocalTarball adding from inside cache /Users/Nils/.npm/project-campus/1.0.0/package.tgz
15 verbose correctMkdir /Users/Nils/.npm correctMkdir not in flight; initializing
16 silly cache afterAdd project-campus@1.0.0
17 verbose afterAdd /Users/Nils/.npm/project-campus/1.0.0/package/package.json not in flight; writing
18 verbose correctMkdir /Users/Nils/.npm correctMkdir not in flight; initializing
19 verbose afterAdd /Users/Nils/.npm/project-campus/1.0.0/package/package.json written
20 silly publish { name: 'project-campus',
20 silly publish   version: '1.0.0',
20 silly publish   description: 'AR Campus Minden Introduction Tour',
20 silly publish   main: 'index.js',
20 silly publish   directories: { doc: 'docs' },
20 silly publish   scripts:
20 silly publish    { postinstall: 'cd app && bower install',
20 silly publish      start: 'node server.js',
20 silly publish      deploy: 'gh-pages -d app' },
20 silly publish   repository:
20 silly publish    { type: 'git',
20 silly publish      url: 'git+https://cemizm@github.com/cemizm/project-campus.git' },
20 silly publish   author: { name: 'Cem Basoglu', email: 'cem.basoglu@web.de' },
20 silly publish   license: 'MIT',
20 silly publish   bugs: { url: 'https://github.com/cemizm/project-campus/issues' },
20 silly publish   homepage: 'https://github.com/cemizm/project-campus#readme',
20 silly publish   dependencies: { express: '^4.14.0' },
20 silly publish   devDependencies: { 'gh-pages': '^0.11.0' },
20 silly publish   readme: '# project-campus\nAR Campus Tour\nVisit https://cemizm.github.io/project-campus/ with Argon Browser 4 for a demo.\n\n### Installation\n* npm install -g bower\n* npm install\n\n### Running on local Server\n* npm start\n\n### Deploy on Github pages\nAssuming that you have write access to the repository, the following command pushes the app directory to gh-pages branch. Ensure that you have selected gh-pages branch as source for GitHub Pages in the Options Pane of your repository.  \n\n* npm install\n* npm run deploy',
20 silly publish   readmeFilename: 'README.md',
20 silly publish   gitHead: '9eefb214d14aadc1b49583b61c64f8b9887e41d3',
20 silly publish   _id: 'project-campus@1.0.0',
20 silly publish   _shasum: '0deb0b75a54960f26eb4533cf95f1b9aeab6fed8',
20 silly publish   _from: '.' }
21 verbose getPublishConfig undefined
22 silly mapToRegistry name project-campus
23 silly mapToRegistry using default registry
24 silly mapToRegistry registry https://registry.npmjs.org/
25 silly mapToRegistry data Result {
25 silly mapToRegistry   raw: 'project-campus',
25 silly mapToRegistry   scope: null,
25 silly mapToRegistry   name: 'project-campus',
25 silly mapToRegistry   rawSpec: '',
25 silly mapToRegistry   spec: 'latest',
25 silly mapToRegistry   type: 'tag' }
26 silly mapToRegistry uri https://registry.npmjs.org/project-campus
27 verbose publish registryBase https://registry.npmjs.org/
28 silly publish uploading /Users/Nils/.npm/project-campus/1.0.0/package.tgz
29 verbose stack Error: auth required for publishing
29 verbose stack     at CachingRegistryClient.publish (/usr/local/lib/node_modules/npm/node_modules/npm-registry-client/lib/publish.js:30:14)
29 verbose stack     at /usr/local/lib/node_modules/npm/lib/publish.js:134:14
29 verbose stack     at mapToRegistry (/usr/local/lib/node_modules/npm/lib/utils/map-to-registry.js:62:3)
29 verbose stack     at publish_ (/usr/local/lib/node_modules/npm/lib/publish.js:104:3)
29 verbose stack     at Array.<anonymous> (/usr/local/lib/node_modules/npm/node_modules/slide/lib/bind-actor.js:15:8)
29 verbose stack     at LOOP (/usr/local/lib/node_modules/npm/node_modules/slide/lib/chain.js:15:14)
29 verbose stack     at LOOP (/usr/local/lib/node_modules/npm/node_modules/slide/lib/chain.js:14:28)
29 verbose stack     at chain (/usr/local/lib/node_modules/npm/node_modules/slide/lib/chain.js:20:5)
29 verbose stack     at /usr/local/lib/node_modules/npm/lib/publish.js:73:5
29 verbose stack     at RES (/usr/local/lib/node_modules/npm/node_modules/inflight/inflight.js:23:14)
30 verbose cwd /Users/Nils/Documents/Repos/project-campus
31 error Darwin 15.6.0
32 error argv "/usr/local/bin/node" "/usr/local/bin/npm" "publish"
33 error node v4.4.5
34 error npm  v2.15.5
35 error code ENEEDAUTH
36 error need auth auth required for publishing
36 error need auth You need to authorize this machine using `npm adduser`
37 verbose exit [ 1, true ]
